<?xml version="1.0" encoding="UTF-8"?>
<!-- Generated by org.testng.reporters.JUnitXMLReporter -->
<testsuite ignored="0" hostname="DESKTOP-EVOAUGI" failures="1" tests="11" name="Functional" time="19.656" errors="0" timestamp="2022-11-04T03:03:30 EDT">
  <testcase classname="ui.VerifyTitleAndTextTest3" name="titletest" time="11.155">
    <failure type="java.lang.AssertionError" message="The following asserts failed:
	Title execution expected [Electronics, Cars,(add dummy ) Fashion, Collectibles &amp;amp; More | eBay] but found [Electronics, Cars, Fashion, Collectibles &amp;amp; More | eBay]">
      <![CDATA[java.lang.AssertionError: The following asserts failed:
Title execution expected [Electronics, Cars,(add dummy ) Fashion, Collectibles & More | eBay] but found [Electronics, Cars, Fashion, Collectibles & More | eBay]
at ui.VerifyTitleAndTextTest3.titletest(VerifyTitleAndTextTest3.java:38)
at java.base/java.util.ArrayList.forEach(ArrayList.java:1511)
... Removed 30 stack frames]]>
    </failure>
  </testcase> <!-- titletest -->
  <testcase classname="ui.VerifyTitleTest2" name="titletest" time="8.365"/>
  <testcase classname="ui.GroupsDemoTest4" name="connectDB" time="0.002"/>
  <testcase classname="ui.GroupsDemoTest4" name="disconnectDB" time="0.002"/>
  <testcase classname="ui.GroupsDemoTest4" name="loginapplication" time="0.004"/>
  <testcase classname="ui.GroupsDemoTest4" name="logoutapplication" time="0.001"/>
  <testcase classname="ui.GroupsDemoTest4" name="standby" time="0.003"/>
  <testcase classname="ui.GroupsDemoTest4" name="test1" time="0.001"/>
  <testcase classname="ui.GroupsDemoTest4" name="test2" time="0.002"/>
  <testcase classname="ui.LoginTest1" name="test1" time="0.002"/>
  <testcase classname="ui.LoginTest1" name="test2" time="0.004"/>
</testsuite> <!-- Functional -->
